2024-09-26T07:43:02.403-05:00  INFO 7304 --- [Lavalink] [main] lavalink.server.Launcher                 : Starting Launcher v4.0.8 using Java 23 with PID 7304 (C:\Users\Administrator\Desktop\Wolfy\LavaLink.jar started by Seb in C:\Users\Administrator\Desktop\Wolfy)
2024-09-26T07:43:02.422-05:00  INFO 7304 --- [Lavalink] [main] lavalink.server.Launcher                 : No active profile set, falling back to 1 default profile: "default"
2024-09-26T07:43:03.297-05:00  INFO 7304 --- [Lavalink] [main] l.server.bootstrap.PluginManager         : Found plugin 'lavasearch-plugin' version 1.0.0
2024-09-26T07:43:03.297-05:00  INFO 7304 --- [Lavalink] [main] l.server.bootstrap.PluginManager         : Found plugin 'lavasrc-plugin' version 4.2.0
2024-09-26T07:43:03.297-05:00  INFO 7304 --- [Lavalink] [main] l.server.bootstrap.PluginManager         : Found plugin 'youtube-plugin' version 1.8.2
2024-09-26T07:43:03.320-05:00  INFO 7304 --- [Lavalink] [main] l.server.bootstrap.PluginManager         : Loaded lavasearch-plugin-1.0.0.jar (20 classes)
2024-09-26T07:43:03.394-05:00  INFO 7304 --- [Lavalink] [main] l.server.bootstrap.PluginManager         : Loaded lavasrc-plugin-4.2.0.jar (131 classes)
2024-09-26T07:43:03.404-05:00  INFO 7304 --- [Lavalink] [main] l.server.bootstrap.PluginManager         : Loaded youtube-plugin-1.8.2.jar (16 classes)
2024-09-26T07:43:03.568-05:00  INFO 7304 --- [Lavalink] [main] lavalink.server.Launcher                 : Started Launcher in 1.615 seconds (process running for 2.202)
2024-09-26T07:43:03.642-05:00  INFO 7304 --- [Lavalink] [main] lavalink.server.Launcher                 : 

[32m       .  [31m _                  _ _       _    [32m__ _ _
[32m      /\\ [31m| | __ ___   ____ _| (_)_ __ | | __[32m\ \ \ \
[32m     ( ( )[31m| |/ _` \ \ / / _` | | | '_ \| |/ /[32m \ \ \ \
[32m      \\/ [31m| | (_| |\ V / (_| | | | | | |   < [32m  ) ) ) )
[32m       '  [31m|_|\__,_| \_/ \__,_|_|_|_| |_|_|\_\[32m / / / /
[0m    =========================================[32m/_/_/_/[0m

	Version:        4.0.8
	Build time:     20.09.2024 20:20:10 UTC
	Branch          HEAD
	Commit:         2946608
	Commit time:    20.09.2024 20:17:58 UTC
	JVM:            23
	Lavaplayer      2.2.2

2024-09-26T07:43:03.651-05:00  INFO 7304 --- [Lavalink] [main] lavalink.server.Launcher                 : No active profile set, falling back to 1 default profile: "default"
2024-09-26T07:43:04.356-05:00  WARN 7304 --- [Lavalink] [main] io.undertow.websockets.jsr               : UT026010: Buffer pool was not set on WebSocketDeploymentInfo, the default pool will be used
2024-09-26T07:43:04.375-05:00  INFO 7304 --- [Lavalink] [main] io.undertow.servlet                      : Initializing Spring embedded WebApplicationContext
2024-09-26T07:43:04.376-05:00  INFO 7304 --- [Lavalink] [main] w.s.c.ServletWebServerApplicationContext : Root WebApplicationContext: initialization completed in 719 ms
2024-09-26T07:43:04.458-05:00  INFO 7304 --- [Lavalink] [main] c.g.t.lavasrc.plugin.LavaSrcPlugin       : Loading LavaSrc plugin...
2024-09-26T07:43:05.815-05:00  INFO 7304 --- [Lavalink] [main] c.s.d.l.tools.GarbageCollectionMonitor   : GC monitoring enabled, reporting results every 2 minutes.
2024-09-26T07:43:06.061-05:00  WARN 7304 --- [Lavalink] [main] d.l.youtube.plugin.YoutubePluginLoader   : youtubeConfig missing or 'clients' was not specified, default values will be used.
2024-09-26T07:43:06.094-05:00  INFO 7304 --- [Lavalink] [main] d.l.youtube.plugin.YoutubePluginLoader   : YouTube source initialised with clients: WEB_REMIX, WEB, ANDROID_TESTSUITE, TVHTML5_SIMPLY_EMBEDDED_PLAYER 
2024-09-26T07:43:06.232-05:00  INFO 7304 --- [Lavalink] [main] l.server.config.KoeConfiguration         : OS: WINDOWS, Arch: X86_64
2024-09-26T07:43:06.233-05:00  INFO 7304 --- [Lavalink] [main] l.server.config.KoeConfiguration         : Enabling JDA-NAS
2024-09-26T07:43:06.235-05:00  INFO 7304 --- [Lavalink] [main] c.s.l.c.natives.NativeLibraryLoader      : Native library udpqueue: loading with filter null
2024-09-26T07:43:06.242-05:00  INFO 7304 --- [Lavalink] [main] c.s.l.c.natives.NativeLibraryLoader      : Native library udpqueue: successfully loaded.
2024-09-26T07:43:06.265-05:00  WARN 7304 --- [Lavalink] [main] l.server.config.SentryConfiguration      : Turning off sentry
2024-09-26T07:43:06.503-05:00  INFO 7304 --- [Lavalink] [main] io.undertow                              : starting server: Undertow - 2.3.13.Final
2024-09-26T07:43:06.511-05:00  INFO 7304 --- [Lavalink] [main] org.xnio                                 : XNIO version 3.8.8.Final
2024-09-26T07:43:06.519-05:00  INFO 7304 --- [Lavalink] [main] org.xnio.nio                             : XNIO NIO Implementation Version 3.8.8.Final
2024-09-26T07:43:06.614-05:00  INFO 7304 --- [Lavalink] [main] org.jboss.threads                        : JBoss Threads version 3.5.0.Final
2024-09-26T07:43:06.676-05:00  INFO 7304 --- [Lavalink] [main] o.s.b.w.e.undertow.UndertowWebServer     : Undertow started on port 2333 (http) with context path '/'
2024-09-26T07:43:06.682-05:00  INFO 7304 --- [Lavalink] [main] lavalink.server.Launcher                 : Started Launcher in 3.107 seconds (process running for 5.316)
2024-09-26T07:43:06.683-05:00  INFO 7304 --- [Lavalink] [main] lavalink.server.Launcher                 : Lavalink is ready to accept connections.
